Determining if the pthread_create exist failed with the following output:
Change Dir: /home/xuee/git/state_control/build/CMakeFiles/CMakeTmp

Run Build Command:/usr/bin/make "cmTryCompileExec3284449703/fast"
make[1]: Entering directory `/home/xuee/git/state_control/build/CMakeFiles/CMakeTmp'
/usr/bin/make -f CMakeFiles/cmTryCompileExec3284449703.dir/build.make CMakeFiles/cmTryCompileExec3284449703.dir/build
make[2]: Entering directory `/home/xuee/git/state_control/build/CMakeFiles/CMakeTmp'
/usr/bin/cmake -E cmake_progress_report /home/xuee/git/state_control/build/CMakeFiles/CMakeTmp/CMakeFiles 1
Building C object CMakeFiles/cmTryCompileExec3284449703.dir/CheckSymbolExists.c.o
/usr/bin/cc    -o CMakeFiles/cmTryCompileExec3284449703.dir/CheckSymbolExists.c.o   -c /home/xuee/git/state_control/build/CMakeFiles/CMakeTmp/CheckSymbolExists.c
Linking C executable cmTryCompileExec3284449703
/usr/bin/cmake -E cmake_link_script CMakeFiles/cmTryCompileExec3284449703.dir/link.txt --verbose=1
/usr/bin/cc       CMakeFiles/cmTryCompileExec3284449703.dir/CheckSymbolExists.c.o  -o cmTryCompileExec3284449703 -rdynamic 
CMakeFiles/cmTryCompileExec3284449703.dir/CheckSymbolExists.c.o: In function `main':
CheckSymbolExists.c:(.text+0xe): undefined reference to `pthread_create'
CheckSymbolExists.c:(.text+0x12): undefined reference to `pthread_create'
collect2: error: ld returned 1 exit status
make[2]: *** [cmTryCompileExec3284449703] Error 1
make[2]: Leaving directory `/home/xuee/git/state_control/build/CMakeFiles/CMakeTmp'
make[1]: *** [cmTryCompileExec3284449703/fast] Error 2
make[1]: Leaving directory `/home/xuee/git/state_control/build/CMakeFiles/CMakeTmp'

File /home/xuee/git/state_control/build/CMakeFiles/CMakeTmp/CheckSymbolExists.c:
/* */
#include <pthread.h>

int main(int argc, char** argv)
{
  (void)argv;
#ifndef pthread_create
  return ((int*)(&pthread_create))[argc];
#else
  (void)argc;
  return 0;
#endif
}

Determining if the function pthread_create exists in the pthreads failed with the following output:
Change Dir: /home/xuee/git/state_control/build/CMakeFiles/CMakeTmp

Run Build Command:/usr/bin/make "cmTryCompileExec778412842/fast"
make[1]: Entering directory `/home/xuee/git/state_control/build/CMakeFiles/CMakeTmp'
/usr/bin/make -f CMakeFiles/cmTryCompileExec778412842.dir/build.make CMakeFiles/cmTryCompileExec778412842.dir/build
make[2]: Entering directory `/home/xuee/git/state_control/build/CMakeFiles/CMakeTmp'
/usr/bin/cmake -E cmake_progress_report /home/xuee/git/state_control/build/CMakeFiles/CMakeTmp/CMakeFiles 1
Building C object CMakeFiles/cmTryCompileExec778412842.dir/CheckFunctionExists.c.o
/usr/bin/cc   -DCHECK_FUNCTION_EXISTS=pthread_create   -o CMakeFiles/cmTryCompileExec778412842.dir/CheckFunctionExists.c.o   -c /usr/share/cmake-2.8/Modules/CheckFunctionExists.c
Linking C executable cmTryCompileExec778412842
/usr/bin/cmake -E cmake_link_script CMakeFiles/cmTryCompileExec778412842.dir/link.txt --verbose=1
/usr/bin/cc   -DCHECK_FUNCTION_EXISTS=pthread_create    CMakeFiles/cmTryCompileExec778412842.dir/CheckFunctionExists.c.o  -o cmTryCompileExec778412842 -rdynamic -lpthreads 
/usr/bin/ld.bfd.real: cannot find -lpthreads
collect2: error: ld returned 1 exit status
make[2]: *** [cmTryCompileExec778412842] Error 1
make[2]: Leaving directory `/home/xuee/git/state_control/build/CMakeFiles/CMakeTmp'
make[1]: *** [cmTryCompileExec778412842/fast] Error 2
make[1]: Leaving directory `/home/xuee/git/state_control/build/CMakeFiles/CMakeTmp'


